FAILED unitTest.py::test_all[../inputs/input2.json-../inputs/tor_consensus.json-0.8-0] - AssertionError: FAILURE: GUARD IN ADVERSARY - DE
FAILED unitTest.py::test_all[../inputs/input2.json-../inputs/tor_consensus.json-0.3-0] - AssertionError: FAILURE: COUNTRY - NL
FAILED unitTest.py::test_all[../inputs/input2.json-../inputs/tor_consensus.json-0.9-0] - AssertionError: FAILURE: GUARD IN ADVERSARY - DE, EXIT IN ADVERSARY - US
FAILED unitTest.py::test_all[../inputs/input4.json-../inputs/tor_consensus.json-0.3-0] - AssertionError: FAILURE: COUNTRY - DE
FAILED unitTest.py::test_all[../inputs/inputOriginal.json-../inputs/tor_consensus.json-0.9-0] - AssertionError: FAILURE: EXIT IN ADVERSARY - DE
FAILED unitTest.py::test_all[../inputs/inputOriginal.json-../inputs/tor_consensus.json-0.9-1] - AssertionError: FAILURE: EXIT IN ADVERSARY - US
FAILED unitTest.py::test_all[../inputs/input1.json-../inputs/tor_consensus.json-0.7-0] - AssertionError: FAILURE: ASN - 16276
FAILED unitTest.py::test_all[../inputs/input3.json-../inputs/tor_consensus.json-0.8-0] - AssertionError: FAILURE: COUNTRY - NL
FAILED unitTest.py::test_all[../inputs/input2.json-../inputs/tor_consensus.json-0.6-0] - AssertionError: FAILURE: EXIT IN ADVERSARY - US
FAILED unitTest.py::test_all[../inputs/input5.json-../inputs/tor_consensus.json-0.9-0] - AssertionError: FAILURE: EXIT IN ADVERSARY - DE
FAILED unitTest.py::test_all[../inputs/input5.json-../inputs/tor_consensus.json-0.3-0] - AssertionError: FAILURE: COUNTRY - SE
FAILED unitTest.py::test_all[../inputs/input4.json-../inputs/tor_consensus.json-0.6-0] - AssertionError: FAILURE: ASN - 60729, COUNTRY - DE
FAILED unitTest.py::test_all[../inputs/input1.json-../inputs/tor_consensus.json-0.4-0] - AssertionError: FAILURE: COUNTRY - NL
FAILED unitTest.py::test_all[../inputs/input1.json-../inputs/tor_consensus.json-0.9-1] - AssertionError: FAILURE: COUNTRY - NL
FAILED unitTest.py::test_all[../inputs/inputOriginal.json-../inputs/tor_consensus.json-0.7-2] - AssertionError: FAILURE: COUNTRY - SE
FAILED unitTest.py::test_all[../inputs/input2.json-../inputs/tor_consensus.json-0.8-1] - AssertionError: FAILURE: GUARD IN ADVERSARY - DE
FAILED unitTest.py::test_all[../inputs/input2.json-../inputs/tor_consensus.json-0.5-2] - AssertionError: FAILURE: EXIT IN ADVERSARY - US
FAILED unitTest.py::test_all[../inputs/input2.json-../inputs/tor_consensus.json-0.9-1] - AssertionError: FAILURE: GUARD IN ADVERSARY - DE
FAILED unitTest.py::test_all[../inputs/input1.json-../inputs/tor_consensus.json-0.1-2] - AssertionError: FAILURE: COUNTRY - NL
FAILED unitTest.py::test_all[../inputs/input2.json-../inputs/tor_consensus.json-0.4-1] - AssertionError: FAILURE: COUNTRY - SE
FAILED unitTest.py::test_all[../inputs/input3.json-../inputs/tor_consensus.json-0.6-2] - AssertionError: FAILURE: ASN - 1101, COUNTRY - LN
FAILED unitTest.py::test_all[../inputs/input4.json-../inputs/tor_consensus.json-0.5-2] - AssertionError: FAILURE: COUNTRY - DE
FAILED unitTest.py::test_all[../inputs/input4.json-../inputs/tor_consensus.json-0.9-2] - AssertionError: FAILURE: COUNTRY - DE
FAILED unitTest.py::test_all[../inputs/input3.json-../inputs/tor_consensus.json-0.7-2] - AssertionError: FAILURE: COUNTRY - PL
FAILED unitTest.py::test_all[../inputs/input5.json-../inputs/tor_consensus.json-0.5-2] - AssertionError: FAILURE: COUNTRY - SE
FAILED unitTest.py::test_all[../inputs/input1.json-../inputs/tor_consensus.json-0.8-3] - AssertionError: FAILURE: EXIT IN ADVERSARY - US
FAILED unitTest.py::test_all[../inputs/input2.json-../inputs/tor_consensus.json-0.9-3] - AssertionError: FAILURE: GUARD IN ADVERSARY - DE
FAILED unitTest.py::test_all[../inputs/input3.json-../inputs/tor_consensus.json-0.2-3] - AssertionError: FAILURE: COUNTRY - SE
FAILED unitTest.py::test_all[../inputs/input4.json-../inputs/tor_consensus.json-0.1-3] - AssertionError: FAILURE: COUNTRY - DE
FAILED unitTest.py::test_all[../inputs/input2.json-../inputs/tor_consensus.json-0.8-3] - AssertionError: FAILURE: ASN - 214503, COUNTRY - SE
FAILED unitTest.py::test_all[../inputs/input4.json-../inputs/tor_consensus.json-0.5-3] - AssertionError: FAILURE: COUNTRY - DE
FAILED unitTest.py::test_all[../inputs/input3.json-../inputs/tor_consensus.json-0.9-3] - AssertionError: FAILURE: ASN - 200651, COUNTRY - NL
FAILED unitTest.py::test_all[../inputs/input4.json-../inputs/tor_consensus.json-0.6-3] - AssertionError: FAILURE: EXIT IN ADVERSARY - US
FAILED unitTest.py::test_all[../inputs/input4.json-../inputs/tor_consensus.json-0.7-3] - AssertionError: FAILURE: EXIT IN ADVERSARY - UA
FAILED unitTest.py::test_all[../inputs/inputOriginal.json-../inputs/tor_consensus.json-0.1-4] - AssertionError: FAILURE: COUNTRY - NL
FAILED unitTest.py::test_all[../inputs/inputOriginal.json-../inputs/tor_consensus.json-0.9-4] - AssertionError: FAILURE: EXIT IN ADVERSARY - US
FAILED unitTest.py::test_all[../inputs/input1.json-../inputs/tor_consensus.json-0.7-4] - AssertionError: FAILURE: COUNTRY - NL
FAILED unitTest.py::test_all[../inputs/input1.json-../inputs/tor_consensus.json-0.9-4] - AssertionError: FAILURE: EXIT IN ADVERSARY - US
FAILED unitTest.py::test_all[../inputs/input2.json-../inputs/tor_consensus.json-0.3-4] - AssertionError: FAILURE: EXIT IN ADVERSARY - US
FAILED unitTest.py::test_all[../inputs/input2.json-../inputs/tor_consensus.json-0.6-4] - AssertionError: FAILURE: ASN - 1101, COUNTRY - LN
FAILED unitTest.py::test_all[../inputs/input2.json-../inputs/tor_consensus.json-0.8-4] - AssertionError: FAILURE: EXIT IN ADVERSARY - US
FAILED unitTest.py::test_all[../inputs/input3.json-../inputs/tor_consensus.json-0.9-4] - AssertionError: FAILURE: COUNTRY - DE
FAILED unitTest.py::test_all[../inputs/input4.json-../inputs/tor_consensus.json-0.1-4] - AssertionError: FAILURE: COUNTRY - NL
FAILED unitTest.py::test_all[../inputs/input4.json-../inputs/tor_consensus.json-0.6-4] - AssertionError: FAILURE: COUNTRY - NL